2024-08-13 21:29:32,424 - INFO - Proxy works! IP address: 111.83.20.149
2024-08-13 21:29:32,920 - INFO - Proxy works! IP address: 111.83.20.149
2024-08-13 21:29:33,871 - INFO - Getting https://scholar.google.com/scholar?hl=en&q=autonomous%20learning%20strategies&as_ylo=2000&as_yhi=2024&as_vis=0&as_sdt=0,33
2024-08-13 21:29:37,005 - INFO - HTTP Request: GET https://scholar.google.com/scholar?hl=en&q=autonomous%20learning%20strategies&as_ylo=2000&as_yhi=2024&as_vis=0&as_sdt=0,33 "HTTP/1.1 200 OK"
2024-08-13 21:29:37,246 - INFO - Getting https://scholar.google.com/scholar?start=10&q=autonomous+learning+strategies&hl=en&as_sdt=0,33&as_ylo=2000&as_yhi=2024
2024-08-13 21:29:39,348 - INFO - HTTP Request: GET https://scholar.google.com/scholar?start=10&q=autonomous+learning+strategies&hl=en&as_sdt=0,33&as_ylo=2000&as_yhi=2024 "HTTP/1.1 200 OK"
2024-08-13 21:29:39,571 - INFO - Getting https://scholar.google.com/scholar?start=20&q=autonomous+learning+strategies&hl=en&as_sdt=0,33&as_ylo=2000&as_yhi=2024
2024-08-13 21:29:40,971 - INFO - HTTP Request: GET https://scholar.google.com/scholar?start=20&q=autonomous+learning+strategies&hl=en&as_sdt=0,33&as_ylo=2000&as_yhi=2024 "HTTP/1.1 200 OK"
2024-08-13 21:29:41,203 - INFO - Getting https://scholar.google.com/scholar?start=30&q=autonomous+learning+strategies&hl=en&as_sdt=0,33&as_ylo=2000&as_yhi=2024
2024-08-13 21:29:42,974 - INFO - HTTP Request: GET https://scholar.google.com/scholar?start=30&q=autonomous+learning+strategies&hl=en&as_sdt=0,33&as_ylo=2000&as_yhi=2024 "HTTP/1.1 200 OK"
2024-08-13 21:29:43,211 - INFO - Getting https://scholar.google.com/scholar?start=40&q=autonomous+learning+strategies&hl=en&as_sdt=0,33&as_ylo=2000&as_yhi=2024
2024-08-13 21:29:45,062 - INFO - HTTP Request: GET https://scholar.google.com/scholar?start=40&q=autonomous+learning+strategies&hl=en&as_sdt=0,33&as_ylo=2000&as_yhi=2024 "HTTP/1.1 200 OK"
2024-08-13 21:29:45,295 - INFO - Getting https://scholar.google.com/scholar?start=50&q=autonomous+learning+strategies&hl=en&as_sdt=0,33&as_ylo=2000&as_yhi=2024
2024-08-13 21:29:46,781 - INFO - HTTP Request: GET https://scholar.google.com/scholar?start=50&q=autonomous+learning+strategies&hl=en&as_sdt=0,33&as_ylo=2000&as_yhi=2024 "HTTP/1.1 200 OK"
2024-08-13 21:29:47,010 - INFO - Getting https://scholar.google.com/scholar?start=60&q=autonomous+learning+strategies&hl=en&as_sdt=0,33&as_ylo=2000&as_yhi=2024
2024-08-13 21:29:49,182 - INFO - HTTP Request: GET https://scholar.google.com/scholar?start=60&q=autonomous+learning+strategies&hl=en&as_sdt=0,33&as_ylo=2000&as_yhi=2024 "HTTP/1.1 200 OK"
2024-08-13 21:29:49,395 - INFO - Getting https://scholar.google.com/scholar?start=70&q=autonomous+learning+strategies&hl=en&as_sdt=0,33&as_ylo=2000&as_yhi=2024
2024-08-13 21:29:51,301 - INFO - HTTP Request: GET https://scholar.google.com/scholar?start=70&q=autonomous+learning+strategies&hl=en&as_sdt=0,33&as_ylo=2000&as_yhi=2024 "HTTP/1.1 200 OK"
2024-08-13 21:29:51,539 - INFO - Getting https://scholar.google.com/scholar?start=80&q=autonomous+learning+strategies&hl=en&as_sdt=0,33&as_ylo=2000&as_yhi=2024
2024-08-13 21:29:53,355 - INFO - HTTP Request: GET https://scholar.google.com/scholar?start=80&q=autonomous+learning+strategies&hl=en&as_sdt=0,33&as_ylo=2000&as_yhi=2024 "HTTP/1.1 200 OK"
2024-08-13 21:29:53,580 - INFO - Getting https://scholar.google.com/scholar?start=90&q=autonomous+learning+strategies&hl=en&as_sdt=0,33&as_ylo=2000&as_yhi=2024
2024-08-13 21:29:55,096 - INFO - HTTP Request: GET https://scholar.google.com/scholar?start=90&q=autonomous+learning+strategies&hl=en&as_sdt=0,33&as_ylo=2000&as_yhi=2024 "HTTP/1.1 200 OK"
2024-08-13 21:29:55,206 - INFO - Getting https://scholar.google.com/scholar?start=100&q=autonomous+learning+strategies&hl=en&as_sdt=0,33&as_ylo=2000&as_yhi=2024
2024-08-13 21:29:56,917 - INFO - HTTP Request: GET https://scholar.google.com/scholar?start=100&q=autonomous+learning+strategies&hl=en&as_sdt=0,33&as_ylo=2000&as_yhi=2024 "HTTP/1.1 200 OK"
2024-08-13 21:29:57,054 - INFO - Saved 100 results for query: autonomous learning strategies
2024-08-13 21:29:57,054 - INFO - Getting https://scholar.google.com/scholar?hl=en&q=self-directed%20learning%20in%20higher%20education&as_ylo=2000&as_yhi=2024&as_vis=0&as_sdt=0,33
2024-08-13 21:29:59,174 - INFO - HTTP Request: GET https://scholar.google.com/scholar?hl=en&q=self-directed%20learning%20in%20higher%20education&as_ylo=2000&as_yhi=2024&as_vis=0&as_sdt=0,33 "HTTP/1.1 200 OK"
2024-08-13 21:29:59,386 - INFO - Getting https://scholar.google.com/scholar?start=10&q=self-directed+learning+in+higher+education&hl=en&as_sdt=0,33&as_ylo=2000&as_yhi=2024
2024-08-13 21:30:01,472 - INFO - HTTP Request: GET https://scholar.google.com/scholar?start=10&q=self-directed+learning+in+higher+education&hl=en&as_sdt=0,33&as_ylo=2000&as_yhi=2024 "HTTP/1.1 200 OK"
2024-08-13 21:30:01,567 - INFO - Getting https://scholar.google.com/scholar?start=20&q=self-directed+learning+in+higher+education&hl=en&as_sdt=0,33&as_ylo=2000&as_yhi=2024
2024-08-13 21:30:02,850 - INFO - HTTP Request: GET https://scholar.google.com/scholar?start=20&q=self-directed+learning+in+higher+education&hl=en&as_sdt=0,33&as_ylo=2000&as_yhi=2024 "HTTP/1.1 200 OK"
2024-08-13 21:30:03,029 - INFO - Getting https://scholar.google.com/scholar?start=30&q=self-directed+learning+in+higher+education&hl=en&as_sdt=0,33&as_ylo=2000&as_yhi=2024
2024-08-13 21:30:05,071 - INFO - HTTP Request: GET https://scholar.google.com/scholar?start=30&q=self-directed+learning+in+higher+education&hl=en&as_sdt=0,33&as_ylo=2000&as_yhi=2024 "HTTP/1.1 200 OK"
2024-08-13 21:30:05,172 - INFO - Getting https://scholar.google.com/scholar?start=40&q=self-directed+learning+in+higher+education&hl=en&as_sdt=0,33&as_ylo=2000&as_yhi=2024
2024-08-13 21:30:07,116 - INFO - HTTP Request: GET https://scholar.google.com/scholar?start=40&q=self-directed+learning+in+higher+education&hl=en&as_sdt=0,33&as_ylo=2000&as_yhi=2024 "HTTP/1.1 200 OK"
2024-08-13 21:30:07,215 - INFO - Getting https://scholar.google.com/scholar?start=50&q=self-directed+learning+in+higher+education&hl=en&as_sdt=0,33&as_ylo=2000&as_yhi=2024
2024-08-13 21:30:08,742 - INFO - HTTP Request: GET https://scholar.google.com/scholar?start=50&q=self-directed+learning+in+higher+education&hl=en&as_sdt=0,33&as_ylo=2000&as_yhi=2024 "HTTP/1.1 200 OK"
2024-08-13 21:30:08,840 - INFO - Getting https://scholar.google.com/scholar?start=60&q=self-directed+learning+in+higher+education&hl=en&as_sdt=0,33&as_ylo=2000&as_yhi=2024
2024-08-13 21:30:10,714 - INFO - HTTP Request: GET https://scholar.google.com/scholar?start=60&q=self-directed+learning+in+higher+education&hl=en&as_sdt=0,33&as_ylo=2000&as_yhi=2024 "HTTP/1.1 200 OK"
2024-08-13 21:30:10,827 - INFO - Getting https://scholar.google.com/scholar?start=70&q=self-directed+learning+in+higher+education&hl=en&as_sdt=0,33&as_ylo=2000&as_yhi=2024
2024-08-13 21:30:12,746 - INFO - HTTP Request: GET https://scholar.google.com/scholar?start=70&q=self-directed+learning+in+higher+education&hl=en&as_sdt=0,33&as_ylo=2000&as_yhi=2024 "HTTP/1.1 200 OK"
2024-08-13 21:30:12,836 - INFO - Getting https://scholar.google.com/scholar?start=80&q=self-directed+learning+in+higher+education&hl=en&as_sdt=0,33&as_ylo=2000&as_yhi=2024
2024-08-13 21:30:14,237 - INFO - HTTP Request: GET https://scholar.google.com/scholar?start=80&q=self-directed+learning+in+higher+education&hl=en&as_sdt=0,33&as_ylo=2000&as_yhi=2024 "HTTP/1.1 200 OK"
2024-08-13 21:30:14,437 - INFO - Getting https://scholar.google.com/scholar?start=90&q=self-directed+learning+in+higher+education&hl=en&as_sdt=0,33&as_ylo=2000&as_yhi=2024
2024-08-13 21:30:15,959 - INFO - HTTP Request: GET https://scholar.google.com/scholar?start=90&q=self-directed+learning+in+higher+education&hl=en&as_sdt=0,33&as_ylo=2000&as_yhi=2024 "HTTP/1.1 200 OK"
2024-08-13 21:30:16,063 - INFO - Getting https://scholar.google.com/scholar?start=100&q=self-directed+learning+in+higher+education&hl=en&as_sdt=0,33&as_ylo=2000&as_yhi=2024
2024-08-13 21:30:18,241 - INFO - HTTP Request: GET https://scholar.google.com/scholar?start=100&q=self-directed+learning+in+higher+education&hl=en&as_sdt=0,33&as_ylo=2000&as_yhi=2024 "HTTP/1.1 200 OK"
2024-08-13 21:30:18,336 - INFO - Saved 100 results for query: self-directed learning in higher education
2024-08-13 21:30:18,336 - INFO - Getting https://scholar.google.com/scholar?hl=en&q=autonomous%20learning%20and%20motivation&as_ylo=2000&as_yhi=2024&as_vis=0&as_sdt=0,33
2024-08-13 21:30:20,446 - INFO - HTTP Request: GET https://scholar.google.com/scholar?hl=en&q=autonomous%20learning%20and%20motivation&as_ylo=2000&as_yhi=2024&as_vis=0&as_sdt=0,33 "HTTP/1.1 200 OK"
2024-08-13 21:30:20,570 - INFO - Getting https://scholar.google.com/scholar?start=10&q=autonomous+learning+and+motivation&hl=en&as_sdt=0,33&as_ylo=2000&as_yhi=2024
2024-08-13 21:30:22,115 - INFO - HTTP Request: GET https://scholar.google.com/scholar?start=10&q=autonomous+learning+and+motivation&hl=en&as_sdt=0,33&as_ylo=2000&as_yhi=2024 "HTTP/1.1 200 OK"
2024-08-13 21:30:22,214 - INFO - Getting https://scholar.google.com/scholar?start=20&q=autonomous+learning+and+motivation&hl=en&as_sdt=0,33&as_ylo=2000&as_yhi=2024
2024-08-13 21:30:24,014 - INFO - HTTP Request: GET https://scholar.google.com/scholar?start=20&q=autonomous+learning+and+motivation&hl=en&as_sdt=0,33&as_ylo=2000&as_yhi=2024 "HTTP/1.1 200 OK"
2024-08-13 21:30:24,121 - INFO - Getting https://scholar.google.com/scholar?start=30&q=autonomous+learning+and+motivation&hl=en&as_sdt=0,33&as_ylo=2000&as_yhi=2024
2024-08-13 21:30:25,528 - INFO - HTTP Request: GET https://scholar.google.com/scholar?start=30&q=autonomous+learning+and+motivation&hl=en&as_sdt=0,33&as_ylo=2000&as_yhi=2024 "HTTP/1.1 200 OK"
2024-08-13 21:30:25,616 - INFO - Getting https://scholar.google.com/scholar?start=40&q=autonomous+learning+and+motivation&hl=en&as_sdt=0,33&as_ylo=2000&as_yhi=2024
2024-08-13 21:30:27,622 - INFO - HTTP Request: GET https://scholar.google.com/scholar?start=40&q=autonomous+learning+and+motivation&hl=en&as_sdt=0,33&as_ylo=2000&as_yhi=2024 "HTTP/1.1 200 OK"
2024-08-13 21:30:27,716 - INFO - Getting https://scholar.google.com/scholar?start=50&q=autonomous+learning+and+motivation&hl=en&as_sdt=0,33&as_ylo=2000&as_yhi=2024
2024-08-13 21:30:29,137 - INFO - HTTP Request: GET https://scholar.google.com/scholar?start=50&q=autonomous+learning+and+motivation&hl=en&as_sdt=0,33&as_ylo=2000&as_yhi=2024 "HTTP/1.1 200 OK"
2024-08-13 21:30:29,233 - INFO - Getting https://scholar.google.com/scholar?start=60&q=autonomous+learning+and+motivation&hl=en&as_sdt=0,33&as_ylo=2000&as_yhi=2024
2024-08-13 21:30:30,938 - INFO - HTTP Request: GET https://scholar.google.com/scholar?start=60&q=autonomous+learning+and+motivation&hl=en&as_sdt=0,33&as_ylo=2000&as_yhi=2024 "HTTP/1.1 200 OK"
2024-08-13 21:30:31,031 - INFO - Getting https://scholar.google.com/scholar?start=70&q=autonomous+learning+and+motivation&hl=en&as_sdt=0,33&as_ylo=2000&as_yhi=2024
2024-08-13 21:30:33,060 - INFO - HTTP Request: GET https://scholar.google.com/scholar?start=70&q=autonomous+learning+and+motivation&hl=en&as_sdt=0,33&as_ylo=2000&as_yhi=2024 "HTTP/1.1 200 OK"
2024-08-13 21:30:33,195 - INFO - Getting https://scholar.google.com/scholar?start=80&q=autonomous+learning+and+motivation&hl=en&as_sdt=0,33&as_ylo=2000&as_yhi=2024
2024-08-13 21:30:34,796 - INFO - HTTP Request: GET https://scholar.google.com/scholar?start=80&q=autonomous+learning+and+motivation&hl=en&as_sdt=0,33&as_ylo=2000&as_yhi=2024 "HTTP/1.1 200 OK"
2024-08-13 21:30:34,887 - INFO - Getting https://scholar.google.com/scholar?start=90&q=autonomous+learning+and+motivation&hl=en&as_sdt=0,33&as_ylo=2000&as_yhi=2024
2024-08-13 21:30:36,484 - INFO - HTTP Request: GET https://scholar.google.com/scholar?start=90&q=autonomous+learning+and+motivation&hl=en&as_sdt=0,33&as_ylo=2000&as_yhi=2024 "HTTP/1.1 200 OK"
2024-08-13 21:30:36,595 - INFO - Getting https://scholar.google.com/scholar?start=100&q=autonomous+learning+and+motivation&hl=en&as_sdt=0,33&as_ylo=2000&as_yhi=2024
2024-08-13 21:30:37,929 - INFO - HTTP Request: GET https://scholar.google.com/scholar?start=100&q=autonomous+learning+and+motivation&hl=en&as_sdt=0,33&as_ylo=2000&as_yhi=2024 "HTTP/1.1 200 OK"
2024-08-13 21:30:38,020 - INFO - Saved 100 results for query: autonomous learning and motivation
2024-08-13 21:30:38,020 - INFO - Getting https://scholar.google.com/scholar?hl=en&q=technology-enhanced%20autonomous%20learning&as_ylo=2000&as_yhi=2024&as_vis=0&as_sdt=0,33
2024-08-13 21:30:39,716 - INFO - HTTP Request: GET https://scholar.google.com/scholar?hl=en&q=technology-enhanced%20autonomous%20learning&as_ylo=2000&as_yhi=2024&as_vis=0&as_sdt=0,33 "HTTP/1.1 200 OK"
2024-08-13 21:30:39,949 - INFO - Getting https://scholar.google.com/scholar?start=10&q=technology-enhanced+autonomous+learning&hl=en&as_sdt=0,33&as_ylo=2000&as_yhi=2024
2024-08-13 21:30:41,697 - INFO - HTTP Request: GET https://scholar.google.com/scholar?start=10&q=technology-enhanced+autonomous+learning&hl=en&as_sdt=0,33&as_ylo=2000&as_yhi=2024 "HTTP/1.1 200 OK"
2024-08-13 21:30:41,787 - INFO - Getting https://scholar.google.com/scholar?start=20&q=technology-enhanced+autonomous+learning&hl=en&as_sdt=0,33&as_ylo=2000&as_yhi=2024
2024-08-13 21:30:43,996 - INFO - HTTP Request: GET https://scholar.google.com/scholar?start=20&q=technology-enhanced+autonomous+learning&hl=en&as_sdt=0,33&as_ylo=2000&as_yhi=2024 "HTTP/1.1 200 OK"
2024-08-13 21:30:44,097 - INFO - Getting https://scholar.google.com/scholar?start=30&q=technology-enhanced+autonomous+learning&hl=en&as_sdt=0,33&as_ylo=2000&as_yhi=2024
2024-08-13 21:30:45,641 - INFO - HTTP Request: GET https://scholar.google.com/scholar?start=30&q=technology-enhanced+autonomous+learning&hl=en&as_sdt=0,33&as_ylo=2000&as_yhi=2024 "HTTP/1.1 200 OK"
2024-08-13 21:30:45,794 - INFO - Getting https://scholar.google.com/scholar?start=40&q=technology-enhanced+autonomous+learning&hl=en&as_sdt=0,33&as_ylo=2000&as_yhi=2024
2024-08-13 21:30:47,429 - INFO - HTTP Request: GET https://scholar.google.com/scholar?start=40&q=technology-enhanced+autonomous+learning&hl=en&as_sdt=0,33&as_ylo=2000&as_yhi=2024 "HTTP/1.1 200 OK"
2024-08-13 21:30:47,513 - INFO - Getting https://scholar.google.com/scholar?start=50&q=technology-enhanced+autonomous+learning&hl=en&as_sdt=0,33&as_ylo=2000&as_yhi=2024
2024-08-13 21:30:49,547 - INFO - HTTP Request: GET https://scholar.google.com/scholar?start=50&q=technology-enhanced+autonomous+learning&hl=en&as_sdt=0,33&as_ylo=2000&as_yhi=2024 "HTTP/1.1 200 OK"
2024-08-13 21:30:49,715 - INFO - Getting https://scholar.google.com/scholar?start=60&q=technology-enhanced+autonomous+learning&hl=en&as_sdt=0,33&as_ylo=2000&as_yhi=2024
2024-08-13 21:30:51,771 - INFO - HTTP Request: GET https://scholar.google.com/scholar?start=60&q=technology-enhanced+autonomous+learning&hl=en&as_sdt=0,33&as_ylo=2000&as_yhi=2024 "HTTP/1.1 200 OK"
2024-08-13 21:30:51,883 - INFO - Getting https://scholar.google.com/scholar?start=70&q=technology-enhanced+autonomous+learning&hl=en&as_sdt=0,33&as_ylo=2000&as_yhi=2024
2024-08-13 21:30:53,968 - INFO - HTTP Request: GET https://scholar.google.com/scholar?start=70&q=technology-enhanced+autonomous+learning&hl=en&as_sdt=0,33&as_ylo=2000&as_yhi=2024 "HTTP/1.1 200 OK"
2024-08-13 21:30:54,068 - INFO - Getting https://scholar.google.com/scholar?start=80&q=technology-enhanced+autonomous+learning&hl=en&as_sdt=0,33&as_ylo=2000&as_yhi=2024
2024-08-13 21:30:55,558 - INFO - HTTP Request: GET https://scholar.google.com/scholar?start=80&q=technology-enhanced+autonomous+learning&hl=en&as_sdt=0,33&as_ylo=2000&as_yhi=2024 "HTTP/1.1 200 OK"
2024-08-13 21:30:55,653 - INFO - Getting https://scholar.google.com/scholar?start=90&q=technology-enhanced+autonomous+learning&hl=en&as_sdt=0,33&as_ylo=2000&as_yhi=2024
2024-08-13 21:30:57,475 - INFO - HTTP Request: GET https://scholar.google.com/scholar?start=90&q=technology-enhanced+autonomous+learning&hl=en&as_sdt=0,33&as_ylo=2000&as_yhi=2024 "HTTP/1.1 200 OK"
2024-08-13 21:30:57,559 - INFO - Getting https://scholar.google.com/scholar?start=100&q=technology-enhanced+autonomous+learning&hl=en&as_sdt=0,33&as_ylo=2000&as_yhi=2024
2024-08-13 21:30:58,824 - INFO - HTTP Request: GET https://scholar.google.com/scholar?start=100&q=technology-enhanced+autonomous+learning&hl=en&as_sdt=0,33&as_ylo=2000&as_yhi=2024 "HTTP/1.1 200 OK"
2024-08-13 21:30:58,923 - INFO - Saved 100 results for query: technology-enhanced autonomous learning
2024-08-13 21:30:58,923 - INFO - Getting https://scholar.google.com/scholar?hl=en&q=autonomous%20learning%20in%20language%20acquisition&as_ylo=2000&as_yhi=2024&as_vis=0&as_sdt=0,33
2024-08-13 21:31:00,851 - INFO - HTTP Request: GET https://scholar.google.com/scholar?hl=en&q=autonomous%20learning%20in%20language%20acquisition&as_ylo=2000&as_yhi=2024&as_vis=0&as_sdt=0,33 "HTTP/1.1 200 OK"
2024-08-13 21:31:00,962 - INFO - Getting https://scholar.google.com/scholar?start=10&q=autonomous+learning+in+language+acquisition&hl=en&as_sdt=0,33&as_ylo=2000&as_yhi=2024
2024-08-13 21:31:03,166 - INFO - HTTP Request: GET https://scholar.google.com/scholar?start=10&q=autonomous+learning+in+language+acquisition&hl=en&as_sdt=0,33&as_ylo=2000&as_yhi=2024 "HTTP/1.1 200 OK"
2024-08-13 21:31:03,242 - INFO - Getting https://scholar.google.com/scholar?start=20&q=autonomous+learning+in+language+acquisition&hl=en&as_sdt=0,33&as_ylo=2000&as_yhi=2024
2024-08-13 21:31:05,219 - INFO - HTTP Request: GET https://scholar.google.com/scholar?start=20&q=autonomous+learning+in+language+acquisition&hl=en&as_sdt=0,33&as_ylo=2000&as_yhi=2024 "HTTP/1.1 200 OK"
2024-08-13 21:31:05,300 - INFO - Getting https://scholar.google.com/scholar?start=30&q=autonomous+learning+in+language+acquisition&hl=en&as_sdt=0,33&as_ylo=2000&as_yhi=2024
2024-08-13 21:31:06,737 - INFO - HTTP Request: GET https://scholar.google.com/scholar?start=30&q=autonomous+learning+in+language+acquisition&hl=en&as_sdt=0,33&as_ylo=2000&as_yhi=2024 "HTTP/1.1 200 OK"
2024-08-13 21:31:06,826 - INFO - Getting https://scholar.google.com/scholar?start=40&q=autonomous+learning+in+language+acquisition&hl=en&as_sdt=0,33&as_ylo=2000&as_yhi=2024
2024-08-13 21:31:08,640 - INFO - HTTP Request: GET https://scholar.google.com/scholar?start=40&q=autonomous+learning+in+language+acquisition&hl=en&as_sdt=0,33&as_ylo=2000&as_yhi=2024 "HTTP/1.1 200 OK"
2024-08-13 21:31:08,771 - INFO - Getting https://scholar.google.com/scholar?start=50&q=autonomous+learning+in+language+acquisition&hl=en&as_sdt=0,33&as_ylo=2000&as_yhi=2024
2024-08-13 21:31:10,796 - INFO - HTTP Request: GET https://scholar.google.com/scholar?start=50&q=autonomous+learning+in+language+acquisition&hl=en&as_sdt=0,33&as_ylo=2000&as_yhi=2024 "HTTP/1.1 200 OK"
2024-08-13 21:31:10,884 - INFO - Getting https://scholar.google.com/scholar?start=60&q=autonomous+learning+in+language+acquisition&hl=en&as_sdt=0,33&as_ylo=2000&as_yhi=2024
2024-08-13 21:31:12,978 - INFO - HTTP Request: GET https://scholar.google.com/scholar?start=60&q=autonomous+learning+in+language+acquisition&hl=en&as_sdt=0,33&as_ylo=2000&as_yhi=2024 "HTTP/1.1 200 OK"
2024-08-13 21:31:13,212 - INFO - Getting https://scholar.google.com/scholar?start=70&q=autonomous+learning+in+language+acquisition&hl=en&as_sdt=0,33&as_ylo=2000&as_yhi=2024
2024-08-13 21:31:15,390 - INFO - HTTP Request: GET https://scholar.google.com/scholar?start=70&q=autonomous+learning+in+language+acquisition&hl=en&as_sdt=0,33&as_ylo=2000&as_yhi=2024 "HTTP/1.1 200 OK"
2024-08-13 21:31:15,477 - INFO - Getting https://scholar.google.com/scholar?start=80&q=autonomous+learning+in+language+acquisition&hl=en&as_sdt=0,33&as_ylo=2000&as_yhi=2024
2024-08-13 21:31:17,465 - INFO - HTTP Request: GET https://scholar.google.com/scholar?start=80&q=autonomous+learning+in+language+acquisition&hl=en&as_sdt=0,33&as_ylo=2000&as_yhi=2024 "HTTP/1.1 200 OK"
2024-08-13 21:31:17,554 - INFO - Getting https://scholar.google.com/scholar?start=90&q=autonomous+learning+in+language+acquisition&hl=en&as_sdt=0,33&as_ylo=2000&as_yhi=2024
2024-08-13 21:31:19,582 - INFO - HTTP Request: GET https://scholar.google.com/scholar?start=90&q=autonomous+learning+in+language+acquisition&hl=en&as_sdt=0,33&as_ylo=2000&as_yhi=2024 "HTTP/1.1 200 OK"
2024-08-13 21:31:19,665 - INFO - Getting https://scholar.google.com/scholar?start=100&q=autonomous+learning+in+language+acquisition&hl=en&as_sdt=0,33&as_ylo=2000&as_yhi=2024
2024-08-13 21:31:21,676 - INFO - HTTP Request: GET https://scholar.google.com/scholar?start=100&q=autonomous+learning+in+language+acquisition&hl=en&as_sdt=0,33&as_ylo=2000&as_yhi=2024 "HTTP/1.1 200 OK"
2024-08-13 21:31:21,763 - INFO - Saved 100 results for query: autonomous learning in language acquisition
2024-08-13 21:31:21,763 - INFO - Getting https://scholar.google.com/scholar?hl=en&q=impact%20of%20self-regulated%20learning%20on%20academic%20performance&as_ylo=2000&as_yhi=2024&as_vis=0&as_sdt=0,33
2024-08-13 21:31:23,588 - INFO - HTTP Request: GET https://scholar.google.com/scholar?hl=en&q=impact%20of%20self-regulated%20learning%20on%20academic%20performance&as_ylo=2000&as_yhi=2024&as_vis=0&as_sdt=0,33 "HTTP/1.1 200 OK"
2024-08-13 21:31:23,770 - INFO - Getting https://scholar.google.com/scholar?start=10&q=impact+of+self-regulated+learning+on+academic+performance&hl=en&as_sdt=0,33&as_ylo=2000&as_yhi=2024
2024-08-13 21:31:25,697 - INFO - HTTP Request: GET https://scholar.google.com/scholar?start=10&q=impact+of+self-regulated+learning+on+academic+performance&hl=en&as_sdt=0,33&as_ylo=2000&as_yhi=2024 "HTTP/1.1 200 OK"
2024-08-13 21:31:25,800 - INFO - Getting https://scholar.google.com/scholar?start=20&q=impact+of+self-regulated+learning+on+academic+performance&hl=en&as_sdt=0,33&as_ylo=2000&as_yhi=2024
2024-08-13 21:31:27,482 - INFO - HTTP Request: GET https://scholar.google.com/scholar?start=20&q=impact+of+self-regulated+learning+on+academic+performance&hl=en&as_sdt=0,33&as_ylo=2000&as_yhi=2024 "HTTP/1.1 200 OK"
2024-08-13 21:31:27,576 - INFO - Getting https://scholar.google.com/scholar?start=30&q=impact+of+self-regulated+learning+on+academic+performance&hl=en&as_sdt=0,33&as_ylo=2000&as_yhi=2024
2024-08-13 21:31:28,940 - INFO - HTTP Request: GET https://scholar.google.com/scholar?start=30&q=impact+of+self-regulated+learning+on+academic+performance&hl=en&as_sdt=0,33&as_ylo=2000&as_yhi=2024 "HTTP/1.1 200 OK"
2024-08-13 21:31:29,020 - INFO - Getting https://scholar.google.com/scholar?start=40&q=impact+of+self-regulated+learning+on+academic+performance&hl=en&as_sdt=0,33&as_ylo=2000&as_yhi=2024
2024-08-13 21:31:30,610 - INFO - HTTP Request: GET https://scholar.google.com/scholar?start=40&q=impact+of+self-regulated+learning+on+academic+performance&hl=en&as_sdt=0,33&as_ylo=2000&as_yhi=2024 "HTTP/1.1 200 OK"
2024-08-13 21:31:30,694 - INFO - Getting https://scholar.google.com/scholar?start=50&q=impact+of+self-regulated+learning+on+academic+performance&hl=en&as_sdt=0,33&as_ylo=2000&as_yhi=2024
2024-08-13 21:31:32,554 - INFO - HTTP Request: GET https://scholar.google.com/scholar?start=50&q=impact+of+self-regulated+learning+on+academic+performance&hl=en&as_sdt=0,33&as_ylo=2000&as_yhi=2024 "HTTP/1.1 200 OK"
2024-08-13 21:31:32,646 - INFO - Getting https://scholar.google.com/scholar?start=60&q=impact+of+self-regulated+learning+on+academic+performance&hl=en&as_sdt=0,33&as_ylo=2000&as_yhi=2024
2024-08-13 21:31:34,386 - INFO - HTTP Request: GET https://scholar.google.com/scholar?start=60&q=impact+of+self-regulated+learning+on+academic+performance&hl=en&as_sdt=0,33&as_ylo=2000&as_yhi=2024 "HTTP/1.1 200 OK"
2024-08-13 21:31:34,471 - INFO - Getting https://scholar.google.com/scholar?start=70&q=impact+of+self-regulated+learning+on+academic+performance&hl=en&as_sdt=0,33&as_ylo=2000&as_yhi=2024
2024-08-13 21:31:35,820 - INFO - HTTP Request: GET https://scholar.google.com/scholar?start=70&q=impact+of+self-regulated+learning+on+academic+performance&hl=en&as_sdt=0,33&as_ylo=2000&as_yhi=2024 "HTTP/1.1 200 OK"
2024-08-13 21:31:35,909 - INFO - Getting https://scholar.google.com/scholar?start=80&q=impact+of+self-regulated+learning+on+academic+performance&hl=en&as_sdt=0,33&as_ylo=2000&as_yhi=2024
2024-08-13 21:31:38,005 - INFO - HTTP Request: GET https://scholar.google.com/scholar?start=80&q=impact+of+self-regulated+learning+on+academic+performance&hl=en&as_sdt=0,33&as_ylo=2000&as_yhi=2024 "HTTP/1.1 200 OK"
2024-08-13 21:31:38,118 - INFO - Getting https://scholar.google.com/scholar?start=90&q=impact+of+self-regulated+learning+on+academic+performance&hl=en&as_sdt=0,33&as_ylo=2000&as_yhi=2024
2024-08-13 21:31:39,976 - INFO - HTTP Request: GET https://scholar.google.com/scholar?start=90&q=impact+of+self-regulated+learning+on+academic+performance&hl=en&as_sdt=0,33&as_ylo=2000&as_yhi=2024 "HTTP/1.1 200 OK"
2024-08-13 21:31:40,067 - INFO - Getting https://scholar.google.com/scholar?start=100&q=impact+of+self-regulated+learning+on+academic+performance&hl=en&as_sdt=0,33&as_ylo=2000&as_yhi=2024
2024-08-13 21:31:41,416 - INFO - HTTP Request: GET https://scholar.google.com/scholar?start=100&q=impact+of+self-regulated+learning+on+academic+performance&hl=en&as_sdt=0,33&as_ylo=2000&as_yhi=2024 "HTTP/1.1 200 OK"
2024-08-13 21:31:41,529 - INFO - Saved 100 results for query: impact of self-regulated learning on academic performance
2024-08-13 21:31:41,529 - INFO - Getting https://scholar.google.com/scholar?hl=en&q=autonomous%20learning%20environments&as_ylo=2000&as_yhi=2024&as_vis=0&as_sdt=0,33
2024-08-13 21:31:43,257 - INFO - HTTP Request: GET https://scholar.google.com/scholar?hl=en&q=autonomous%20learning%20environments&as_ylo=2000&as_yhi=2024&as_vis=0&as_sdt=0,33 "HTTP/1.1 200 OK"
2024-08-13 21:31:43,420 - INFO - Getting https://scholar.google.com/scholar?start=10&q=autonomous+learning+environments&hl=en&as_sdt=0,33&as_ylo=2000&as_yhi=2024
2024-08-13 21:31:45,218 - INFO - HTTP Request: GET https://scholar.google.com/scholar?start=10&q=autonomous+learning+environments&hl=en&as_sdt=0,33&as_ylo=2000&as_yhi=2024 "HTTP/1.1 200 OK"
2024-08-13 21:31:45,309 - INFO - Getting https://scholar.google.com/scholar?start=20&q=autonomous+learning+environments&hl=en&as_sdt=0,33&as_ylo=2000&as_yhi=2024
2024-08-13 21:31:47,352 - INFO - HTTP Request: GET https://scholar.google.com/scholar?start=20&q=autonomous+learning+environments&hl=en&as_sdt=0,33&as_ylo=2000&as_yhi=2024 "HTTP/1.1 200 OK"
2024-08-13 21:31:47,431 - INFO - Getting https://scholar.google.com/scholar?start=30&q=autonomous+learning+environments&hl=en&as_sdt=0,33&as_ylo=2000&as_yhi=2024
2024-08-13 21:31:48,999 - INFO - HTTP Request: GET https://scholar.google.com/scholar?start=30&q=autonomous+learning+environments&hl=en&as_sdt=0,33&as_ylo=2000&as_yhi=2024 "HTTP/1.1 200 OK"
2024-08-13 21:31:49,085 - INFO - Getting https://scholar.google.com/scholar?start=40&q=autonomous+learning+environments&hl=en&as_sdt=0,33&as_ylo=2000&as_yhi=2024
2024-08-13 21:31:50,507 - INFO - HTTP Request: GET https://scholar.google.com/scholar?start=40&q=autonomous+learning+environments&hl=en&as_sdt=0,33&as_ylo=2000&as_yhi=2024 "HTTP/1.1 200 OK"
2024-08-13 21:31:50,609 - INFO - Getting https://scholar.google.com/scholar?start=50&q=autonomous+learning+environments&hl=en&as_sdt=0,33&as_ylo=2000&as_yhi=2024
2024-08-13 21:31:52,028 - INFO - HTTP Request: GET https://scholar.google.com/scholar?start=50&q=autonomous+learning+environments&hl=en&as_sdt=0,33&as_ylo=2000&as_yhi=2024 "HTTP/1.1 200 OK"
2024-08-13 21:31:52,113 - INFO - Getting https://scholar.google.com/scholar?start=60&q=autonomous+learning+environments&hl=en&as_sdt=0,33&as_ylo=2000&as_yhi=2024
2024-08-13 21:31:53,521 - INFO - HTTP Request: GET https://scholar.google.com/scholar?start=60&q=autonomous+learning+environments&hl=en&as_sdt=0,33&as_ylo=2000&as_yhi=2024 "HTTP/1.1 200 OK"
2024-08-13 21:31:53,602 - INFO - Getting https://scholar.google.com/scholar?start=70&q=autonomous+learning+environments&hl=en&as_sdt=0,33&as_ylo=2000&as_yhi=2024
2024-08-13 21:31:54,923 - INFO - HTTP Request: GET https://scholar.google.com/scholar?start=70&q=autonomous+learning+environments&hl=en&as_sdt=0,33&as_ylo=2000&as_yhi=2024 "HTTP/1.1 200 OK"
2024-08-13 21:31:55,019 - INFO - Getting https://scholar.google.com/scholar?start=80&q=autonomous+learning+environments&hl=en&as_sdt=0,33&as_ylo=2000&as_yhi=2024
2024-08-13 21:31:56,730 - INFO - HTTP Request: GET https://scholar.google.com/scholar?start=80&q=autonomous+learning+environments&hl=en&as_sdt=0,33&as_ylo=2000&as_yhi=2024 "HTTP/1.1 200 OK"
2024-08-13 21:31:56,813 - INFO - Getting https://scholar.google.com/scholar?start=90&q=autonomous+learning+environments&hl=en&as_sdt=0,33&as_ylo=2000&as_yhi=2024
2024-08-13 21:31:58,718 - INFO - HTTP Request: GET https://scholar.google.com/scholar?start=90&q=autonomous+learning+environments&hl=en&as_sdt=0,33&as_ylo=2000&as_yhi=2024 "HTTP/1.1 200 OK"
2024-08-13 21:31:58,809 - INFO - Getting https://scholar.google.com/scholar?start=100&q=autonomous+learning+environments&hl=en&as_sdt=0,33&as_ylo=2000&as_yhi=2024
2024-08-13 21:32:00,108 - INFO - HTTP Request: GET https://scholar.google.com/scholar?start=100&q=autonomous+learning+environments&hl=en&as_sdt=0,33&as_ylo=2000&as_yhi=2024 "HTTP/1.1 200 OK"
2024-08-13 21:32:00,198 - INFO - Saved 100 results for query: autonomous learning environments
2024-08-13 21:32:00,198 - INFO - Getting https://scholar.google.com/scholar?hl=en&q=role%20of%20metacognition%20in%20autonomous%20learning&as_ylo=2000&as_yhi=2024&as_vis=0&as_sdt=0,33
2024-08-13 21:32:02,568 - INFO - HTTP Request: GET https://scholar.google.com/scholar?hl=en&q=role%20of%20metacognition%20in%20autonomous%20learning&as_ylo=2000&as_yhi=2024&as_vis=0&as_sdt=0,33 "HTTP/1.1 200 OK"
2024-08-13 21:32:02,679 - INFO - Getting https://scholar.google.com/scholar?start=10&q=role+of+metacognition+in+autonomous+learning&hl=en&as_sdt=0,33&as_ylo=2000&as_yhi=2024
2024-08-13 21:32:04,885 - INFO - HTTP Request: GET https://scholar.google.com/scholar?start=10&q=role+of+metacognition+in+autonomous+learning&hl=en&as_sdt=0,33&as_ylo=2000&as_yhi=2024 "HTTP/1.1 200 OK"
2024-08-13 21:32:04,977 - INFO - Getting https://scholar.google.com/scholar?start=20&q=role+of+metacognition+in+autonomous+learning&hl=en&as_sdt=0,33&as_ylo=2000&as_yhi=2024
2024-08-13 21:32:07,188 - INFO - HTTP Request: GET https://scholar.google.com/scholar?start=20&q=role+of+metacognition+in+autonomous+learning&hl=en&as_sdt=0,33&as_ylo=2000&as_yhi=2024 "HTTP/1.1 200 OK"
2024-08-13 21:32:07,270 - INFO - Getting https://scholar.google.com/scholar?start=30&q=role+of+metacognition+in+autonomous+learning&hl=en&as_sdt=0,33&as_ylo=2000&as_yhi=2024
2024-08-13 21:32:08,616 - INFO - HTTP Request: GET https://scholar.google.com/scholar?start=30&q=role+of+metacognition+in+autonomous+learning&hl=en&as_sdt=0,33&as_ylo=2000&as_yhi=2024 "HTTP/1.1 200 OK"
2024-08-13 21:32:08,703 - INFO - Getting https://scholar.google.com/scholar?start=40&q=role+of+metacognition+in+autonomous+learning&hl=en&as_sdt=0,33&as_ylo=2000&as_yhi=2024
2024-08-13 21:32:10,265 - INFO - HTTP Request: GET https://scholar.google.com/scholar?start=40&q=role+of+metacognition+in+autonomous+learning&hl=en&as_sdt=0,33&as_ylo=2000&as_yhi=2024 "HTTP/1.1 200 OK"
2024-08-13 21:32:10,346 - INFO - Getting https://scholar.google.com/scholar?start=50&q=role+of+metacognition+in+autonomous+learning&hl=en&as_sdt=0,33&as_ylo=2000&as_yhi=2024
2024-08-13 21:32:11,837 - INFO - HTTP Request: GET https://scholar.google.com/scholar?start=50&q=role+of+metacognition+in+autonomous+learning&hl=en&as_sdt=0,33&as_ylo=2000&as_yhi=2024 "HTTP/1.1 200 OK"
2024-08-13 21:32:12,054 - INFO - Getting https://scholar.google.com/scholar?start=60&q=role+of+metacognition+in+autonomous+learning&hl=en&as_sdt=0,33&as_ylo=2000&as_yhi=2024
2024-08-13 21:32:14,251 - INFO - HTTP Request: GET https://scholar.google.com/scholar?start=60&q=role+of+metacognition+in+autonomous+learning&hl=en&as_sdt=0,33&as_ylo=2000&as_yhi=2024 "HTTP/1.1 200 OK"
2024-08-13 21:32:14,359 - INFO - Getting https://scholar.google.com/scholar?start=70&q=role+of+metacognition+in+autonomous+learning&hl=en&as_sdt=0,33&as_ylo=2000&as_yhi=2024
2024-08-13 21:32:16,085 - INFO - HTTP Request: GET https://scholar.google.com/scholar?start=70&q=role+of+metacognition+in+autonomous+learning&hl=en&as_sdt=0,33&as_ylo=2000&as_yhi=2024 "HTTP/1.1 200 OK"
2024-08-13 21:32:16,185 - INFO - Getting https://scholar.google.com/scholar?start=80&q=role+of+metacognition+in+autonomous+learning&hl=en&as_sdt=0,33&as_ylo=2000&as_yhi=2024
2024-08-13 21:32:17,854 - INFO - HTTP Request: GET https://scholar.google.com/scholar?start=80&q=role+of+metacognition+in+autonomous+learning&hl=en&as_sdt=0,33&as_ylo=2000&as_yhi=2024 "HTTP/1.1 200 OK"
2024-08-13 21:32:18,001 - INFO - Getting https://scholar.google.com/scholar?start=90&q=role+of+metacognition+in+autonomous+learning&hl=en&as_sdt=0,33&as_ylo=2000&as_yhi=2024
2024-08-13 21:32:20,052 - INFO - HTTP Request: GET https://scholar.google.com/scholar?start=90&q=role+of+metacognition+in+autonomous+learning&hl=en&as_sdt=0,33&as_ylo=2000&as_yhi=2024 "HTTP/1.1 200 OK"
2024-08-13 21:32:20,147 - INFO - Getting https://scholar.google.com/scholar?start=100&q=role+of+metacognition+in+autonomous+learning&hl=en&as_sdt=0,33&as_ylo=2000&as_yhi=2024
2024-08-13 21:32:21,787 - INFO - HTTP Request: GET https://scholar.google.com/scholar?start=100&q=role+of+metacognition+in+autonomous+learning&hl=en&as_sdt=0,33&as_ylo=2000&as_yhi=2024 "HTTP/1.1 200 OK"
2024-08-13 21:32:21,923 - INFO - Saved 100 results for query: role of metacognition in autonomous learning
2024-08-13 21:32:21,923 - INFO - Getting https://scholar.google.com/scholar?hl=en&q=autonomous%20learning%20and%20digital%20literacy&as_ylo=2000&as_yhi=2024&as_vis=0&as_sdt=0,33
2024-08-13 21:32:23,635 - INFO - HTTP Request: GET https://scholar.google.com/scholar?hl=en&q=autonomous%20learning%20and%20digital%20literacy&as_ylo=2000&as_yhi=2024&as_vis=0&as_sdt=0,33 "HTTP/1.1 200 OK"
2024-08-13 21:32:23,751 - INFO - Getting https://scholar.google.com/scholar?start=10&q=autonomous+learning+and+digital+literacy&hl=en&as_sdt=0,33&as_ylo=2000&as_yhi=2024
2024-08-13 21:32:25,169 - INFO - HTTP Request: GET https://scholar.google.com/scholar?start=10&q=autonomous+learning+and+digital+literacy&hl=en&as_sdt=0,33&as_ylo=2000&as_yhi=2024 "HTTP/1.1 200 OK"
2024-08-13 21:32:25,254 - INFO - Getting https://scholar.google.com/scholar?start=20&q=autonomous+learning+and+digital+literacy&hl=en&as_sdt=0,33&as_ylo=2000&as_yhi=2024
2024-08-13 21:32:27,354 - INFO - HTTP Request: GET https://scholar.google.com/scholar?start=20&q=autonomous+learning+and+digital+literacy&hl=en&as_sdt=0,33&as_ylo=2000&as_yhi=2024 "HTTP/1.1 200 OK"
2024-08-13 21:32:27,432 - INFO - Getting https://scholar.google.com/scholar?start=30&q=autonomous+learning+and+digital+literacy&hl=en&as_sdt=0,33&as_ylo=2000&as_yhi=2024
2024-08-13 21:32:29,462 - INFO - HTTP Request: GET https://scholar.google.com/scholar?start=30&q=autonomous+learning+and+digital+literacy&hl=en&as_sdt=0,33&as_ylo=2000&as_yhi=2024 "HTTP/1.1 200 OK"
2024-08-13 21:32:29,538 - INFO - Getting https://scholar.google.com/scholar?start=40&q=autonomous+learning+and+digital+literacy&hl=en&as_sdt=0,33&as_ylo=2000&as_yhi=2024
2024-08-13 21:32:31,199 - INFO - HTTP Request: GET https://scholar.google.com/scholar?start=40&q=autonomous+learning+and+digital+literacy&hl=en&as_sdt=0,33&as_ylo=2000&as_yhi=2024 "HTTP/1.1 200 OK"
2024-08-13 21:32:31,325 - INFO - Getting https://scholar.google.com/scholar?start=50&q=autonomous+learning+and+digital+literacy&hl=en&as_sdt=0,33&as_ylo=2000&as_yhi=2024
2024-08-13 21:32:33,138 - INFO - HTTP Request: GET https://scholar.google.com/scholar?start=50&q=autonomous+learning+and+digital+literacy&hl=en&as_sdt=0,33&as_ylo=2000&as_yhi=2024 "HTTP/1.1 200 OK"
2024-08-13 21:32:33,228 - INFO - Getting https://scholar.google.com/scholar?start=60&q=autonomous+learning+and+digital+literacy&hl=en&as_sdt=0,33&as_ylo=2000&as_yhi=2024
2024-08-13 21:32:34,866 - INFO - HTTP Request: GET https://scholar.google.com/scholar?start=60&q=autonomous+learning+and+digital+literacy&hl=en&as_sdt=0,33&as_ylo=2000&as_yhi=2024 "HTTP/1.1 200 OK"
2024-08-13 21:32:34,981 - INFO - Getting https://scholar.google.com/scholar?start=70&q=autonomous+learning+and+digital+literacy&hl=en&as_sdt=0,33&as_ylo=2000&as_yhi=2024
2024-08-13 21:32:36,412 - INFO - HTTP Request: GET https://scholar.google.com/scholar?start=70&q=autonomous+learning+and+digital+literacy&hl=en&as_sdt=0,33&as_ylo=2000&as_yhi=2024 "HTTP/1.1 200 OK"
2024-08-13 21:32:36,450 - INFO - Got a captcha request.
2024-08-13 21:32:59,503 - INFO - Exception AttributeError while fetching page: ("'str' object has no attribute 'domain'",)
2024-08-13 21:32:59,503 - INFO - Retrying with a new session.
2024-08-13 21:33:10,056 - INFO - HTTP Request: GET https://scholar.google.com/scholar?start=70&q=autonomous+learning+and+digital+literacy&hl=en&as_sdt=0,33&as_ylo=2000&as_yhi=2024 "HTTP/1.1 200 OK"
2024-08-13 21:33:10,233 - INFO - Got a captcha request.
2024-08-13 21:33:15,630 - INFO - Exception AttributeError while fetching page: ("'str' object has no attribute 'domain'",)
2024-08-13 21:33:15,630 - INFO - Retrying with a new session.
2024-08-13 21:33:26,105 - INFO - HTTP Request: GET https://scholar.google.com/scholar?start=70&q=autonomous+learning+and+digital+literacy&hl=en&as_sdt=0,33&as_ylo=2000&as_yhi=2024 "HTTP/1.1 200 OK"
2024-08-13 21:33:26,288 - INFO - Got a captcha request.
2024-08-13 21:33:32,584 - INFO - Exception AttributeError while fetching page: ("'str' object has no attribute 'domain'",)
2024-08-13 21:33:32,584 - INFO - Retrying with a new session.
2024-08-13 21:33:42,772 - INFO - HTTP Request: GET https://scholar.google.com/scholar?start=70&q=autonomous+learning+and+digital+literacy&hl=en&as_sdt=0,33&as_ylo=2000&as_yhi=2024 "HTTP/1.1 200 OK"
2024-08-13 21:33:42,952 - INFO - Got a captcha request.
2024-08-13 21:33:48,426 - INFO - Exception AttributeError while fetching page: ("'str' object has no attribute 'domain'",)
2024-08-13 21:33:48,426 - INFO - Retrying with a new session.
2024-08-13 21:33:57,573 - INFO - HTTP Request: GET https://scholar.google.com/scholar?start=70&q=autonomous+learning+and+digital+literacy&hl=en&as_sdt=0,33&as_ylo=2000&as_yhi=2024 "HTTP/1.1 200 OK"
2024-08-13 21:33:57,632 - INFO - Got a captcha request.
2024-08-13 21:34:04,026 - INFO - Exception AttributeError while fetching page: ("'str' object has no attribute 'domain'",)
2024-08-13 21:34:04,026 - INFO - Retrying with a new session.
2024-08-13 21:34:11,525 - ERROR - Error during search and save: Cannot Fetch from Google Scholar.
2024-08-13 21:34:11,526 - ERROR - Failed to fetch results: Cannot Fetch from Google Scholar.
